# JRE version: Java(TM) SE Runtime Environment (21.0.3+7) (build 21.0.3+7-LTS-152)
# Java VM: Java HotSpot(TM) 64-Bit Server VM (21.0.3+7-LTS-152, mixed mode, sharing, tiered, compressed oops, compressed class ptrs, g1 gc, windows-amd64)
GC Precious Log:
 CardTable entry size: 512
 Card Set container configuration: InlinePtr #cards 5 size 8 Array Of Cards #cards 12 size 40 Howl #buckets 4 coarsen threshold 1843 Howl Bitmap #cards 512 size 80 coarsen threshold 460 Card regions per heap region 1 cards per card region 2048
 CPUs: 8 total, 8 available
 Memory: 8014M
 Large Page Support: Disabled
 NUMA Support: Disabled
 Compressed Oops: Enabled (32-bit)
 Heap Region Size: 1M
 Heap Min Capacity: 256M
 Heap Initial Capacity: 256M
 Heap Max Capacity: 512M
 Pre-touch: Disabled
 Parallel Workers: 8
 Concurrent Workers: 2
 Concurrent Refinement Workers: 8
 Periodic GC: Disabled
Heap:
 garbage-first heap   total 262144K, used 91587K [0x00000000e0000000, 0x0000000100000000)
  region size 1024K, 41 young (41984K), 8 survivors (8192K)
 Metaspace       used 62026K, committed 64192K, reserved 393216K
  class space    used 8884K, committed 9984K, reserved 327680K
GC Heap History (20 events):
Event: 2.474 GC heap before
{Heap before GC invocations=1 (full 0):
 garbage-first heap   total 262144K, used 40981K [0x00000000e0000000, 0x0000000100000000)
  region size 1024K, 35 young (35840K), 3 survivors (3072K)
 Metaspace       used 4382K, committed 4544K, reserved 393216K
  class space    used 541K, committed 640K, reserved 327680K
}
Event: 2.480 GC heap after
{Heap after GC invocations=2 (full 0):
 garbage-first heap   total 262144K, used 12356K [0x00000000e0000000, 0x0000000100000000)
  region size 1024K, 4 young (4096K), 4 survivors (4096K)
 Metaspace       used 4382K, committed 4544K, reserved 393216K
  class space    used 541K, committed 640K, reserved 327680K
}
Event: 3.163 GC heap before
{Heap before GC invocations=2 (full 0):
 garbage-first heap   total 262144K, used 59460K [0x00000000e0000000, 0x0000000100000000)
  region size 1024K, 48 young (49152K), 4 survivors (4096K)
 Metaspace       used 5097K, committed 5376K, reserved 393216K
  class space    used 657K, committed 768K, reserved 327680K
}
Event: 3.168 GC heap after
{Heap after GC invocations=3 (full 0):
 garbage-first heap   total 262144K, used 17963K [0x00000000e0000000, 0x0000000100000000)
  region size 1024K, 5 young (5120K), 5 survivors (5120K)
 Metaspace       used 5097K, committed 5376K, reserved 393216K
  class space    used 657K, committed 768K, reserved 327680K
}
Event: 5.784 GC heap before
{Heap before GC invocations=3 (full 0):
 garbage-first heap   total 262144K, used 107051K [0x00000000e0000000, 0x0000000100000000)
  region size 1024K, 93 young (95232K), 5 survivors (5120K)
 Metaspace       used 20852K, committed 21504K, reserved 393216K
  class space    used 3006K, committed 3328K, reserved 327680K
}
Event: 5.796 GC heap after
{Heap after GC invocations=4 (full 0):
 garbage-first heap   total 262144K, used 25383K [0x00000000e0000000, 0x0000000100000000)
  region size 1024K, 12 young (12288K), 12 survivors (12288K)
 Metaspace       used 20852K, committed 21504K, reserved 393216K
  class space    used 3006K, committed 3328K, reserved 327680K
}
Event: 7.578 GC heap before
{Heap before GC invocations=5 (full 0):
 garbage-first heap   total 262144K, used 117543K [0x00000000e0000000, 0x0000000100000000)
  region size 1024K, 104 young (106496K), 12 survivors (12288K)
 Metaspace       used 34888K, committed 36096K, reserved 393216K
  class space    used 5106K, committed 5696K, reserved 327680K
}
Event: 7.595 GC heap after
{Heap after GC invocations=6 (full 0):
 garbage-first heap   total 262144K, used 31835K [0x00000000e0000000, 0x0000000100000000)
  region size 1024K, 14 young (14336K), 14 survivors (14336K)
 Metaspace       used 34888K, committed 36096K, reserved 393216K
  class space    used 5106K, committed 5696K, reserved 327680K
}
Event: 7.618 GC heap before
{Heap before GC invocations=6 (full 0):
 garbage-first heap   total 262144K, used 32859K [0x00000000e0000000, 0x0000000100000000)
  region size 1024K, 16 young (16384K), 14 survivors (14336K)
 Metaspace       used 35187K, committed 36416K, reserved 393216K
  class space    used 5158K, committed 5760K, reserved 327680K
}
Event: 7.632 GC heap after
{Heap after GC invocations=7 (full 0):
 garbage-first heap   total 262144K, used 31932K [0x00000000e0000000, 0x0000000100000000)
  region size 1024K, 7 young (7168K), 7 survivors (7168K)
 Metaspace       used 35187K, committed 36416K, reserved 393216K
  class space    used 5158K, committed 5760K, reserved 327680K
}
Event: 7.661 GC heap before
{Heap before GC invocations=7 (full 0):
 garbage-first heap   total 262144K, used 32956K [0x00000000e0000000, 0x0000000100000000)
  region size 1024K, 10 young (10240K), 7 survivors (7168K)
 Metaspace       used 35543K, committed 36736K, reserved 393216K
  class space    used 5173K, committed 5760K, reserved 327680K
}
Event: 7.669 GC heap after
{Heap after GC invocations=8 (full 0):
 garbage-first heap   total 262144K, used 31689K [0x00000000e0000000, 0x0000000100000000)
  region size 1024K, 7 young (7168K), 7 survivors (7168K)
 Metaspace       used 35543K, committed 36736K, reserved 393216K
  class space    used 5173K, committed 5760K, reserved 327680K
}
Event: 10.531 GC heap before
{Heap before GC invocations=9 (full 0):
 garbage-first heap   total 262144K, used 187337K [0x00000000e0000000, 0x0000000100000000)
  region size 1024K, 153 young (156672K), 7 survivors (7168K)
 Metaspace       used 49454K, committed 51136K, reserved 393216K
  class space    used 7128K, committed 7936K, reserved 327680K
}
Event: 10.550 GC heap after
{Heap after GC invocations=10 (full 0):
 garbage-first heap   total 262144K, used 42984K [0x00000000e0000000, 0x0000000100000000)
  region size 1024K, 18 young (18432K), 18 survivors (18432K)
 Metaspace       used 49454K, committed 51136K, reserved 393216K
  class space    used 7128K, committed 7936K, reserved 327680K
}
Event: 12.904 GC heap before
{Heap before GC invocations=10 (full 0):
 garbage-first heap   total 262144K, used 180200K [0x00000000e0000000, 0x0000000100000000)
  region size 1024K, 153 young (156672K), 18 survivors (18432K)
 Metaspace       used 57081K, committed 59072K, reserved 393216K
  class space    used 8188K, committed 9152K, reserved 327680K
}
Event: 12.940 GC heap after
{Heap after GC invocations=11 (full 0):
 garbage-first heap   total 262144K, used 51756K [0x00000000e0000000, 0x0000000100000000)
  region size 1024K, 20 young (20480K), 20 survivors (20480K)
 Metaspace       used 57081K, committed 59072K, reserved 393216K
  class space    used 8188K, committed 9152K, reserved 327680K
}
Event: 14.626 GC heap before
{Heap before GC invocations=11 (full 0):
 garbage-first heap   total 262144K, used 187948K [0x00000000e0000000, 0x0000000100000000)
  region size 1024K, 153 young (156672K), 20 survivors (20480K)
 Metaspace       used 58614K, committed 60736K, reserved 393216K
  class space    used 8293K, committed 9344K, reserved 327680K
}
Event: 14.653 GC heap after
{Heap after GC invocations=12 (full 0):
 garbage-first heap   total 262144K, used 59931K [0x00000000e0000000, 0x0000000100000000)
  region size 1024K, 8 young (8192K), 8 survivors (8192K)
 Metaspace       used 58614K, committed 60736K, reserved 393216K
  class space    used 8293K, committed 9344K, reserved 327680K
}
Event: 15.313 GC heap before
{Heap before GC invocations=12 (full 0):
 garbage-first heap   total 262144K, used 73243K [0x00000000e0000000, 0x0000000100000000)
  region size 1024K, 22 young (22528K), 8 survivors (8192K)
 Metaspace       used 59788K, committed 61760K, reserved 393216K
  class space    used 8485K, committed 9472K, reserved 327680K
}
Event: 15.326 GC heap after
{Heap after GC invocations=13 (full 0):
 garbage-first heap   total 262144K, used 59843K [0x00000000e0000000, 0x0000000100000000)
  region size 1024K, 8 young (8192K), 8 survivors (8192K)
 Metaspace       used 59788K, committed 61760K, reserved 393216K
  class space    used 8485K, committed 9472K, reserved 327680K
}

