# JRE version: Java(TM) SE Runtime Environment (21.0.3+7) (build 21.0.3+7-LTS-152)
# Java VM: Java HotSpot(TM) 64-Bit Server VM (21.0.3+7-LTS-152, mixed mode, sharing, tiered, compressed oops, compressed class ptrs, g1 gc, windows-amd64)
GC Precious Log:
 CardTable entry size: 512
 Card Set container configuration: InlinePtr #cards 5 size 8 Array Of Cards #cards 12 size 40 Howl #buckets 4 coarsen threshold 1843 Howl Bitmap #cards 512 size 80 coarsen threshold 460 Card regions per heap region 1 cards per card region 2048
 CPUs: 8 total, 8 available
 Memory: 8014M
 Large Page Support: Disabled
 NUMA Support: Disabled
 Compressed Oops: Enabled (32-bit)
 Heap Region Size: 1M
 Heap Min Capacity: 256M
 Heap Initial Capacity: 256M
 Heap Max Capacity: 512M
 Pre-touch: Disabled
 Parallel Workers: 8
 Concurrent Workers: 2
 Concurrent Refinement Workers: 8
 Periodic GC: Disabled
Heap:
 garbage-first heap   total 262144K, used 76519K [0x00000000e0000000, 0x0000000100000000)
  region size 1024K, 45 young (46080K), 20 survivors (20480K)
 Metaspace       used 57442K, committed 59392K, reserved 393216K
  class space    used 8207K, committed 9152K, reserved 327680K
GC Heap History (18 events):
Event: 0.759 GC heap before
{Heap before GC invocations=0 (full 0):
 garbage-first heap   total 262144K, used 22528K [0x00000000e0000000, 0x0000000100000000)
  region size 1024K, 23 young (23552K), 0 survivors (0K)
 Metaspace       used 1117K, committed 1216K, reserved 393216K
  class space    used 78K, committed 128K, reserved 327680K
}
Event: 0.767 GC heap after
{Heap after GC invocations=1 (full 0):
 garbage-first heap   total 262144K, used 4565K [0x00000000e0000000, 0x0000000100000000)
  region size 1024K, 3 young (3072K), 3 survivors (3072K)
 Metaspace       used 1117K, committed 1216K, reserved 393216K
  class space    used 78K, committed 128K, reserved 327680K
}
Event: 2.090 GC heap before
{Heap before GC invocations=1 (full 0):
 garbage-first heap   total 262144K, used 40405K [0x00000000e0000000, 0x0000000100000000)
  region size 1024K, 35 young (35840K), 3 survivors (3072K)
 Metaspace       used 4433K, committed 4608K, reserved 393216K
  class space    used 540K, committed 640K, reserved 327680K
}
Event: 2.095 GC heap after
{Heap after GC invocations=2 (full 0):
 garbage-first heap   total 262144K, used 12052K [0x00000000e0000000, 0x0000000100000000)
  region size 1024K, 4 young (4096K), 4 survivors (4096K)
 Metaspace       used 4433K, committed 4608K, reserved 393216K
  class space    used 540K, committed 640K, reserved 327680K
}
Event: 3.177 GC heap before
{Heap before GC invocations=2 (full 0):
 garbage-first heap   total 262144K, used 60180K [0x00000000e0000000, 0x0000000100000000)
  region size 1024K, 49 young (50176K), 4 survivors (4096K)
 Metaspace       used 5219K, committed 5440K, reserved 393216K
  class space    used 678K, committed 768K, reserved 327680K
}
Event: 3.183 GC heap after
{Heap after GC invocations=3 (full 0):
 garbage-first heap   total 262144K, used 17555K [0x00000000e0000000, 0x0000000100000000)
  region size 1024K, 7 young (7168K), 7 survivors (7168K)
 Metaspace       used 5219K, committed 5440K, reserved 393216K
  class space    used 678K, committed 768K, reserved 327680K
}
Event: 6.096 GC heap before
{Heap before GC invocations=3 (full 0):
 garbage-first heap   total 262144K, used 105619K [0x00000000e0000000, 0x0000000100000000)
  region size 1024K, 94 young (96256K), 7 survivors (7168K)
 Metaspace       used 20868K, committed 21504K, reserved 393216K
  class space    used 3007K, committed 3328K, reserved 327680K
}
Event: 6.115 GC heap after
{Heap after GC invocations=4 (full 0):
 garbage-first heap   total 262144K, used 25285K [0x00000000e0000000, 0x0000000100000000)
  region size 1024K, 15 young (15360K), 15 survivors (15360K)
 Metaspace       used 20868K, committed 21504K, reserved 393216K
  class space    used 3007K, committed 3328K, reserved 327680K
}
Event: 9.271 GC heap before
{Heap before GC invocations=5 (full 0):
 garbage-first heap   total 262144K, used 116421K [0x00000000e0000000, 0x0000000100000000)
  region size 1024K, 106 young (108544K), 15 survivors (15360K)
 Metaspace       used 34705K, committed 35968K, reserved 393216K
  class space    used 5070K, committed 5696K, reserved 327680K
}
Event: 9.292 GC heap after
{Heap after GC invocations=6 (full 0):
 garbage-first heap   total 262144K, used 32951K [0x00000000e0000000, 0x0000000100000000)
  region size 1024K, 15 young (15360K), 15 survivors (15360K)
 Metaspace       used 34705K, committed 35968K, reserved 393216K
  class space    used 5070K, committed 5696K, reserved 327680K
}
Event: 9.338 GC heap before
{Heap before GC invocations=6 (full 0):
 garbage-first heap   total 262144K, used 33975K [0x00000000e0000000, 0x0000000100000000)
  region size 1024K, 17 young (17408K), 15 survivors (15360K)
 Metaspace       used 35034K, committed 36288K, reserved 393216K
  class space    used 5109K, committed 5760K, reserved 327680K
}
Event: 9.354 GC heap after
{Heap after GC invocations=7 (full 0):
 garbage-first heap   total 262144K, used 32173K [0x00000000e0000000, 0x0000000100000000)
  region size 1024K, 8 young (8192K), 8 survivors (8192K)
 Metaspace       used 35034K, committed 36288K, reserved 393216K
  class space    used 5109K, committed 5760K, reserved 327680K
}
Event: 9.391 GC heap before
{Heap before GC invocations=7 (full 0):
 garbage-first heap   total 262144K, used 34221K [0x00000000e0000000, 0x0000000100000000)
  region size 1024K, 12 young (12288K), 8 survivors (8192K)
 Metaspace       used 35431K, committed 36608K, reserved 393216K
  class space    used 5164K, committed 5760K, reserved 327680K
}
Event: 9.398 GC heap after
{Heap after GC invocations=8 (full 0):
 garbage-first heap   total 262144K, used 33293K [0x00000000e0000000, 0x0000000100000000)
  region size 1024K, 9 young (9216K), 9 survivors (9216K)
 Metaspace       used 35431K, committed 36608K, reserved 393216K
  class space    used 5164K, committed 5760K, reserved 327680K
}
Event: 12.454 GC heap before
{Heap before GC invocations=9 (full 0):
 garbage-first heap   total 262144K, used 186893K [0x00000000e0000000, 0x0000000100000000)
  region size 1024K, 153 young (156672K), 9 survivors (9216K)
 Metaspace       used 49529K, committed 51200K, reserved 393216K
  class space    used 7132K, committed 7936K, reserved 327680K
}
Event: 12.475 GC heap after
{Heap after GC invocations=10 (full 0):
 garbage-first heap   total 262144K, used 43096K [0x00000000e0000000, 0x0000000100000000)
  region size 1024K, 18 young (18432K), 18 survivors (18432K)
 Metaspace       used 49529K, committed 51200K, reserved 393216K
  class space    used 7132K, committed 7936K, reserved 327680K
}
Event: 17.919 GC heap before
{Heap before GC invocations=10 (full 0):
 garbage-first heap   total 262144K, used 181336K [0x00000000e0000000, 0x0000000100000000)
  region size 1024K, 153 young (156672K), 18 survivors (18432K)
 Metaspace       used 57136K, committed 59072K, reserved 393216K
  class space    used 8189K, committed 9152K, reserved 327680K
}
Event: 17.941 GC heap after
{Heap after GC invocations=11 (full 0):
 garbage-first heap   total 262144K, used 51943K [0x00000000e0000000, 0x0000000100000000)
  region size 1024K, 20 young (20480K), 20 survivors (20480K)
 Metaspace       used 57136K, committed 59072K, reserved 393216K
  class space    used 8189K, committed 9152K, reserved 327680K
}

